生成启动时间为 2019/3/12 22:49:36。
     1>项目“C:\Users\happy~小小蕊\documents\visual studio 2013\Projects\List.cpp 3_12\List.cpp 3_12\List.cpp 3_12.vcxproj”在节点 2 上(Build 个目标)。
     1>ClCompile:
         C:\Program Files (x86)\Microsoft Visual Studio 12.0\VC\bin\CL.exe /c /ZI /nologo /W3 /WX- /sdl /Od /Oy- /D _MBCS /Gm /EHsc /RTC1 /MDd /GS /fp:precise /Zc:wchar_t /Zc:forScope /Fo"Debug\\" /Fd"Debug\vc120.pdb" /Gd /TP /analyze- /errorReport:prompt List.cpp
         List.cpp
     1>c:\users\happy~小小蕊\documents\visual studio 2013\projects\list.cpp 3_12\list.cpp 3_12\list.cpp(22): warning C4620: 未找到类型“GXR::_ListIterator<T>”的“运算符 ++”后缀形式，使用前缀形式
                 with
                 [
                     T=int
                 ]
     1>c:\users\happy~小小蕊\documents\visual studio 2013\projects\list.cpp 3_12\list.cpp 3_12\list.cpp(31): warning C4620: 未找到类型“GXR::_ListIterator<T>”的“运算符 ++”后缀形式，使用前缀形式
                 with
                 [
                     T=int
                 ]
       Link:
         C:\Program Files (x86)\Microsoft Visual Studio 12.0\VC\bin\link.exe /ERRORREPORT:PROMPT /OUT:"C:\Users\happy~小小蕊\documents\visual studio 2013\Projects\List.cpp 3_12\Debug\List.cpp 3_12.exe" /INCREMENTAL /NOLOGO kernel32.lib user32.lib gdi32.lib winspool.lib comdlg32.lib advapi32.lib shell32.lib ole32.lib oleaut32.lib uuid.lib odbc32.lib odbccp32.lib /MANIFEST /MANIFESTUAC:"level='asInvoker' uiAccess='false'" /manifest:embed /DEBUG /PDB:"C:\Users\happy~小小蕊\documents\visual studio 2013\Projects\List.cpp 3_12\Debug\List.cpp 3_12.pdb" /TLBID:1 /DYNAMICBASE /NXCOMPAT /IMPLIB:"C:\Users\happy~小小蕊\documents\visual studio 2013\Projects\List.cpp 3_12\Debug\List.cpp 3_12.lib" /MACHINE:X86 Debug\List.obj
         List.cpp 3_12.vcxproj -> C:\Users\happy~小小蕊\documents\visual studio 2013\Projects\List.cpp 3_12\Debug\List.cpp 3_12.exe
     1>已完成生成项目“C:\Users\happy~小小蕊\documents\visual studio 2013\Projects\List.cpp 3_12\List.cpp 3_12\List.cpp 3_12.vcxproj”(Build 个目标)的操作。

生成成功。

已用时间 00:00:01.55
